<component name="libraryTable">
  <library name="junit-4.10">
    <CLASSES>
      <root url="file://$PROJECT_DIR$/../../junit4.10/junit4.10" />
    </CLASSES>
    <JAVADOC>
      <root url="file://$PROJECT_DIR$/../../junit4.10/junit4.10/javadoc" />
    </JAVADOC>
    <SOURCES>
      <root url="file://$PROJECT_DIR$/../../junit4.10/junit4.10" />
    </SOURCES>
    <jarDirectory url="file://$PROJECT_DIR$/../../junit4.10/junit4.10" recursive="false" />
    <jarDirectory url="file://$PROJECT_DIR$/../../junit4.10/junit4.10" recursive="false" type="SOURCES" />
  </library>
</component>