<component name="libraryTable">
  <library name="junit4">
    <CLASSES>
      <root url="file://$PROJECT_DIR$/../../junit4.10" />
    </CLASSES>
    <JAVADOC>
      <root url="file://$PROJECT_DIR$/../../junit4.10/junit4.10/javadoc" />
    </JAVADOC>
    <SOURCES>
      <root url="file://$PROJECT_DIR$/../../junit4.10/junit4.10" />
    </SOURCES>
  </library>
</component>